Aug 13, 2017 4:19:44 AM org.apache.catalina.startup.VersionLoggerListener log
INFO: Server version:        Apache Tomcat/7.0.79
Aug 13, 2017 4:19:44 AM org.apache.catalina.startup.VersionLoggerListener log
INFO: Server built:          Jun 26 2017 16:25:20 UTC
Aug 13, 2017 4:19:44 AM org.apache.catalina.startup.VersionLoggerListener log
INFO: Server number:         7.0.79.0
Aug 13, 2017 4:19:44 AM org.apache.catalina.startup.VersionLoggerListener log
INFO: OS Name:               Linux
Aug 13, 2017 4:19:44 AM org.apache.catalina.startup.VersionLoggerListener log
INFO: OS Version:            4.9.32-15.41.amzn1.x86_64
Aug 13, 2017 4:19:44 AM org.apache.catalina.startup.VersionLoggerListener log
INFO: Architecture:          amd64
Aug 13, 2017 4:19:44 AM org.apache.catalina.startup.VersionLoggerListener log
INFO: Java Home:             /usr/lib/jvm/java-1.7.0-openjdk-1.7.0.141.x86_64/jre
Aug 13, 2017 4:19:44 AM org.apache.catalina.startup.VersionLoggerListener log
INFO: JVM Version:           1.7.0_141-mockbuild_2017_06_03_00_52-b00
Aug 13, 2017 4:19:44 AM org.apache.catalina.startup.VersionLoggerListener log
INFO: JVM Vendor:            Oracle Corporation
Aug 13, 2017 4:19:44 AM org.apache.catalina.startup.VersionLoggerListener log
INFO: CATALINA_BASE:         /root/apache-tomcat-7.0.79
Aug 13, 2017 4:19:44 AM org.apache.catalina.startup.VersionLoggerListener log
INFO: CATALINA_HOME:         /root/apache-tomcat-7.0.79
Aug 13, 2017 4:19:44 AM org.apache.catalina.startup.VersionLoggerListener log
INFO: Command line argument: -Djava.util.logging.config.file=/root/apache-tomcat-7.0.79/conf/logging.properties
Aug 13, 2017 4:19:44 AM org.apache.catalina.startup.VersionLoggerListener log
INFO: Command line argument: -Djava.util.logging.manager=org.apache.juli.ClassLoaderLogManager
Aug 13, 2017 4:19:44 AM org.apache.catalina.startup.VersionLoggerListener log
INFO: Command line argument: -Djdk.tls.ephemeralDHKeySize=2048
Aug 13, 2017 4:19:44 AM org.apache.catalina.startup.VersionLoggerListener log
INFO: Command line argument: -Djava.endorsed.dirs=/root/apache-tomcat-7.0.79/endorsed
Aug 13, 2017 4:19:44 AM org.apache.catalina.startup.VersionLoggerListener log
INFO: Command line argument: -Dcatalina.base=/root/apache-tomcat-7.0.79
Aug 13, 2017 4:19:44 AM org.apache.catalina.startup.VersionLoggerListener log
INFO: Command line argument: -Dcatalina.home=/root/apache-tomcat-7.0.79
Aug 13, 2017 4:19:44 AM org.apache.catalina.startup.VersionLoggerListener log
INFO: Command line argument: -Djava.io.tmpdir=/root/apache-tomcat-7.0.79/temp
Aug 13, 2017 4:19:44 AM org.apache.catalina.core.AprLifecycleListener lifecycleEvent
INFO: The APR based Apache Tomcat Native library which allows optimal performance in production environments was not found on the java.library.path: /usr/java/packages/lib/amd64:/usr/lib64:/lib64:/lib:/usr/lib
Aug 13, 2017 4:19:44 AM org.apache.coyote.AbstractProtocol init
INFO: Initializing ProtocolHandler ["http-bio-8080"]
Aug 13, 2017 4:19:44 AM org.apache.coyote.AbstractProtocol init
INFO: Initializing ProtocolHandler ["ajp-bio-8009"]
Aug 13, 2017 4:19:44 AM org.apache.catalina.startup.Catalina load
INFO: Initialization processed in 1228 ms
Aug 13, 2017 4:19:45 AM org.apache.catalina.core.StandardService startInternal
INFO: Starting service Catalina
Aug 13, 2017 4:19:45 AM org.apache.catalina.core.StandardEngine startInternal
INFO: Starting Servlet Engine: Apache Tomcat/7.0.79
Aug 13, 2017 4:19:45 AM org.apache.catalina.startup.HostConfig deployDirectory
INFO: Deploying web application directory /root/apache-tomcat-7.0.79/webapps/manager
Aug 13, 2017 4:19:46 AM org.apache.catalina.startup.HostConfig deployDirectory
INFO: Deployment of web application directory /root/apache-tomcat-7.0.79/webapps/manager has finished in 950 ms
Aug 13, 2017 4:19:46 AM org.apache.catalina.startup.HostConfig deployDirectory
INFO: Deploying web application directory /root/apache-tomcat-7.0.79/webapps/examples
Aug 13, 2017 4:19:46 AM org.apache.catalina.startup.HostConfig deployDirectory
INFO: Deployment of web application directory /root/apache-tomcat-7.0.79/webapps/examples has finished in 717 ms
Aug 13, 2017 4:19:46 AM org.apache.catalina.startup.HostConfig deployDirectory
INFO: Deploying web application directory /root/apache-tomcat-7.0.79/webapps/ROOT
Aug 13, 2017 4:19:46 AM org.apache.catalina.startup.HostConfig deployDirectory
INFO: Deployment of web application directory /root/apache-tomcat-7.0.79/webapps/ROOT has finished in 46 ms
Aug 13, 2017 4:19:46 AM org.apache.catalina.startup.HostConfig deployDirectory
INFO: Deploying web application directory /root/apache-tomcat-7.0.79/webapps/docs
Aug 13, 2017 4:19:46 AM org.apache.catalina.startup.HostConfig deployDirectory
INFO: Deployment of web application directory /root/apache-tomcat-7.0.79/webapps/docs has finished in 85 ms
Aug 13, 2017 4:19:46 AM org.apache.catalina.startup.HostConfig deployDirectory
INFO: Deploying web application directory /root/apache-tomcat-7.0.79/webapps/host-manager
Aug 13, 2017 4:19:46 AM org.apache.catalina.startup.HostConfig deployDirectory
INFO: Deployment of web application directory /root/apache-tomcat-7.0.79/webapps/host-manager has finished in 124 ms
Aug 13, 2017 4:19:47 AM org.apache.coyote.AbstractProtocol start
INFO: Starting ProtocolHandler ["http-bio-8080"]
Aug 13, 2017 4:19:47 AM org.apache.coyote.AbstractProtocol start
INFO: Starting ProtocolHandler ["ajp-bio-8009"]
Aug 13, 2017 4:19:47 AM org.apache.catalina.startup.Catalina start
INFO: Server startup in 2120 ms
Aug 13, 2017 4:34:16 AM org.apache.catalina.core.StandardServer await
INFO: A valid shutdown command was received via the shutdown port. Stopping the Server instance.
Aug 13, 2017 4:34:16 AM org.apache.coyote.AbstractProtocol pause
INFO: Pausing ProtocolHandler ["http-bio-8080"]
Aug 13, 2017 4:34:16 AM org.apache.coyote.AbstractProtocol pause
INFO: Pausing ProtocolHandler ["ajp-bio-8009"]
Aug 13, 2017 4:34:16 AM org.apache.catalina.core.StandardService stopInternal
INFO: Stopping service Catalina
Aug 13, 2017 4:34:16 AM org.apache.coyote.AbstractProtocol stop
INFO: Stopping ProtocolHandler ["http-bio-8080"]
Aug 13, 2017 4:34:16 AM org.apache.coyote.AbstractProtocol stop
INFO: Stopping ProtocolHandler ["ajp-bio-8009"]
Aug 13, 2017 4:34:16 AM org.apache.coyote.AbstractProtocol destroy
INFO: Destroying ProtocolHandler ["http-bio-8080"]
Aug 13, 2017 4:34:16 AM org.apache.coyote.AbstractProtocol destroy
INFO: Destroying ProtocolHandler ["ajp-bio-8009"]
Aug 13, 2017 4:36:18 AM org.apache.catalina.startup.VersionLoggerListener log
INFO: Server version:        Apache Tomcat/7.0.79
Aug 13, 2017 4:36:18 AM org.apache.catalina.startup.VersionLoggerListener log
INFO: Server built:          Jun 26 2017 16:25:20 UTC
Aug 13, 2017 4:36:18 AM org.apache.catalina.startup.VersionLoggerListener log
INFO: Server number:         7.0.79.0
Aug 13, 2017 4:36:18 AM org.apache.catalina.startup.VersionLoggerListener log
INFO: OS Name:               Linux
Aug 13, 2017 4:36:18 AM org.apache.catalina.startup.VersionLoggerListener log
INFO: OS Version:            4.9.32-15.41.amzn1.x86_64
Aug 13, 2017 4:36:18 AM org.apache.catalina.startup.VersionLoggerListener log
INFO: Architecture:          amd64
Aug 13, 2017 4:36:18 AM org.apache.catalina.startup.VersionLoggerListener log
INFO: Java Home:             /usr/lib/jvm/java-1.7.0-openjdk-1.7.0.141.x86_64/jre
Aug 13, 2017 4:36:18 AM org.apache.catalina.startup.VersionLoggerListener log
INFO: JVM Version:           1.7.0_141-mockbuild_2017_06_03_00_52-b00
Aug 13, 2017 4:36:18 AM org.apache.catalina.startup.VersionLoggerListener log
INFO: JVM Vendor:            Oracle Corporation
Aug 13, 2017 4:36:18 AM org.apache.catalina.startup.VersionLoggerListener log
INFO: CATALINA_BASE:         /root/apache-tomcat-7.0.79
Aug 13, 2017 4:36:18 AM org.apache.catalina.startup.VersionLoggerListener log
INFO: CATALINA_HOME:         /root/apache-tomcat-7.0.79
Aug 13, 2017 4:36:18 AM org.apache.catalina.startup.VersionLoggerListener log
INFO: Command line argument: -Djava.util.logging.config.file=/root/apache-tomcat-7.0.79/conf/logging.properties
Aug 13, 2017 4:36:18 AM org.apache.catalina.startup.VersionLoggerListener log
INFO: Command line argument: -Djava.util.logging.manager=org.apache.juli.ClassLoaderLogManager
Aug 13, 2017 4:36:18 AM org.apache.catalina.startup.VersionLoggerListener log
INFO: Command line argument: -Djdk.tls.ephemeralDHKeySize=2048
Aug 13, 2017 4:36:18 AM org.apache.catalina.startup.VersionLoggerListener log
INFO: Command line argument: -Djava.endorsed.dirs=/root/apache-tomcat-7.0.79/endorsed
Aug 13, 2017 4:36:18 AM org.apache.catalina.startup.VersionLoggerListener log
INFO: Command line argument: -Dcatalina.base=/root/apache-tomcat-7.0.79
Aug 13, 2017 4:36:18 AM org.apache.catalina.startup.VersionLoggerListener log
INFO: Command line argument: -Dcatalina.home=/root/apache-tomcat-7.0.79
Aug 13, 2017 4:36:18 AM org.apache.catalina.startup.VersionLoggerListener log
INFO: Command line argument: -Djava.io.tmpdir=/root/apache-tomcat-7.0.79/temp
Aug 13, 2017 4:36:18 AM org.apache.catalina.core.AprLifecycleListener lifecycleEvent
INFO: The APR based Apache Tomcat Native library which allows optimal performance in production environments was not found on the java.library.path: /usr/java/packages/lib/amd64:/usr/lib64:/lib64:/lib:/usr/lib
Aug 13, 2017 4:36:18 AM org.apache.coyote.AbstractProtocol init
INFO: Initializing ProtocolHandler ["http-bio-9090"]
Aug 13, 2017 4:36:18 AM org.apache.coyote.AbstractProtocol init
INFO: Initializing ProtocolHandler ["ajp-bio-8009"]
Aug 13, 2017 4:36:18 AM org.apache.catalina.startup.Catalina load
INFO: Initialization processed in 1038 ms
Aug 13, 2017 4:36:18 AM org.apache.catalina.core.StandardService startInternal
INFO: Starting service Catalina
Aug 13, 2017 4:36:18 AM org.apache.catalina.core.StandardEngine startInternal
INFO: Starting Servlet Engine: Apache Tomcat/7.0.79
Aug 13, 2017 4:36:18 AM org.apache.catalina.startup.HostConfig deployDirectory
INFO: Deploying web application directory /root/apache-tomcat-7.0.79/webapps/manager
Aug 13, 2017 4:36:19 AM org.apache.catalina.startup.HostConfig deployDirectory
INFO: Deployment of web application directory /root/apache-tomcat-7.0.79/webapps/manager has finished in 1,006 ms
Aug 13, 2017 4:36:19 AM org.apache.catalina.startup.HostConfig deployDirectory
INFO: Deploying web application directory /root/apache-tomcat-7.0.79/webapps/examples
Aug 13, 2017 4:36:20 AM org.apache.catalina.startup.HostConfig deployDirectory
INFO: Deployment of web application directory /root/apache-tomcat-7.0.79/webapps/examples has finished in 758 ms
Aug 13, 2017 4:36:20 AM org.apache.catalina.startup.HostConfig deployDirectory
INFO: Deploying web application directory /root/apache-tomcat-7.0.79/webapps/ROOT
Aug 13, 2017 4:36:20 AM org.apache.catalina.startup.HostConfig deployDirectory
INFO: Deployment of web application directory /root/apache-tomcat-7.0.79/webapps/ROOT has finished in 80 ms
Aug 13, 2017 4:36:20 AM org.apache.catalina.startup.HostConfig deployDirectory
INFO: Deploying web application directory /root/apache-tomcat-7.0.79/webapps/docs
Aug 13, 2017 4:36:20 AM org.apache.catalina.startup.HostConfig deployDirectory
INFO: Deployment of web application directory /root/apache-tomcat-7.0.79/webapps/docs has finished in 112 ms
Aug 13, 2017 4:36:20 AM org.apache.catalina.startup.HostConfig deployDirectory
INFO: Deploying web application directory /root/apache-tomcat-7.0.79/webapps/host-manager
Aug 13, 2017 4:36:20 AM org.apache.catalina.startup.HostConfig deployDirectory
INFO: Deployment of web application directory /root/apache-tomcat-7.0.79/webapps/host-manager has finished in 87 ms
Aug 13, 2017 4:36:20 AM org.apache.coyote.AbstractProtocol start
INFO: Starting ProtocolHandler ["http-bio-9090"]
Aug 13, 2017 4:36:20 AM org.apache.coyote.AbstractProtocol start
INFO: Starting ProtocolHandler ["ajp-bio-8009"]
Aug 13, 2017 4:36:20 AM org.apache.catalina.startup.Catalina start
INFO: Server startup in 2227 ms
Aug 13, 2017 4:42:30 AM org.apache.catalina.startup.HostConfig deployWAR
INFO: Deploying web application archive /root/apache-tomcat-7.0.79/webapps/jenkins.war
Aug 13, 2017 4:42:32 AM org.apache.catalina.deploy.WebXml setVersion
WARNING: Unknown version string [3.1]. Default version will be used.
Aug 13, 2017 4:42:37 AM org.apache.catalina.startup.ContextConfig validateSecurityRoles
WARNING: Security role name ** used in an <auth-constraint> without being defined in a <security-role>
Aug 13, 2017 4:42:37 AM org.apache.catalina.startup.TldConfig execute
INFO: At least one JAR was scanned for TLDs yet contained no TLDs. Enable debug logging for this logger for a complete list of JARs that were scanned but no TLDs were found in them. Skipping unneeded JARs during scanning can improve startup time and JSP compilation time.
Aug 13, 2017 4:42:37 AM org.apache.catalina.core.StandardContext startInternal
SEVERE: One or more listeners failed to start. Full details will be found in the appropriate container log file
Aug 13, 2017 4:42:37 AM org.apache.catalina.core.StandardContext startInternal
SEVERE: Context [/jenkins] startup failed due to previous errors
Aug 13, 2017 4:42:37 AM org.apache.catalina.startup.HostConfig deployWAR
INFO: Deployment of web application archive /root/apache-tomcat-7.0.79/webapps/jenkins.war has finished in 6,639 ms
Aug 13, 2017 4:43:16 AM org.apache.catalina.core.StandardServer await
INFO: A valid shutdown command was received via the shutdown port. Stopping the Server instance.
Aug 13, 2017 4:43:16 AM org.apache.coyote.AbstractProtocol pause
INFO: Pausing ProtocolHandler ["http-bio-9090"]
Aug 13, 2017 4:43:16 AM org.apache.coyote.AbstractProtocol pause
INFO: Pausing ProtocolHandler ["ajp-bio-8009"]
Aug 13, 2017 4:43:16 AM org.apache.catalina.core.StandardService stopInternal
INFO: Stopping service Catalina
Aug 13, 2017 4:43:16 AM org.apache.coyote.AbstractProtocol stop
INFO: Stopping ProtocolHandler ["http-bio-9090"]
Aug 13, 2017 4:43:16 AM org.apache.coyote.AbstractProtocol stop
INFO: Stopping ProtocolHandler ["ajp-bio-8009"]
Aug 13, 2017 4:43:16 AM org.apache.coyote.AbstractProtocol destroy
INFO: Destroying ProtocolHandler ["http-bio-9090"]
Aug 13, 2017 4:43:16 AM org.apache.coyote.AbstractProtocol destroy
INFO: Destroying ProtocolHandler ["ajp-bio-8009"]
Aug 13, 2017 4:43:34 AM org.apache.catalina.startup.VersionLoggerListener log
INFO: Server version:        Apache Tomcat/7.0.79
Aug 13, 2017 4:43:34 AM org.apache.catalina.startup.VersionLoggerListener log
INFO: Server built:          Jun 26 2017 16:25:20 UTC
Aug 13, 2017 4:43:34 AM org.apache.catalina.startup.VersionLoggerListener log
INFO: Server number:         7.0.79.0
Aug 13, 2017 4:43:34 AM org.apache.catalina.startup.VersionLoggerListener log
INFO: OS Name:               Linux
Aug 13, 2017 4:43:34 AM org.apache.catalina.startup.VersionLoggerListener log
INFO: OS Version:            4.9.32-15.41.amzn1.x86_64
Aug 13, 2017 4:43:34 AM org.apache.catalina.startup.VersionLoggerListener log
INFO: Architecture:          amd64
Aug 13, 2017 4:43:34 AM org.apache.catalina.startup.VersionLoggerListener log
INFO: Java Home:             /usr/lib/jvm/java-1.7.0-openjdk-1.7.0.141.x86_64/jre
Aug 13, 2017 4:43:34 AM org.apache.catalina.startup.VersionLoggerListener log
INFO: JVM Version:           1.7.0_141-mockbuild_2017_06_03_00_52-b00
Aug 13, 2017 4:43:34 AM org.apache.catalina.startup.VersionLoggerListener log
INFO: JVM Vendor:            Oracle Corporation
Aug 13, 2017 4:43:34 AM org.apache.catalina.startup.VersionLoggerListener log
INFO: CATALINA_BASE:         /root/apache-tomcat-7.0.79
Aug 13, 2017 4:43:34 AM org.apache.catalina.startup.VersionLoggerListener log
INFO: CATALINA_HOME:         /root/apache-tomcat-7.0.79
Aug 13, 2017 4:43:34 AM org.apache.catalina.startup.VersionLoggerListener log
INFO: Command line argument: -Djava.util.logging.config.file=/root/apache-tomcat-7.0.79/conf/logging.properties
Aug 13, 2017 4:43:34 AM org.apache.catalina.startup.VersionLoggerListener log
INFO: Command line argument: -Djava.util.logging.manager=org.apache.juli.ClassLoaderLogManager
Aug 13, 2017 4:43:34 AM org.apache.catalina.startup.VersionLoggerListener log
INFO: Command line argument: -Djdk.tls.ephemeralDHKeySize=2048
Aug 13, 2017 4:43:34 AM org.apache.catalina.startup.VersionLoggerListener log
INFO: Command line argument: -Djava.endorsed.dirs=/root/apache-tomcat-7.0.79/endorsed
Aug 13, 2017 4:43:34 AM org.apache.catalina.startup.VersionLoggerListener log
INFO: Command line argument: -Dcatalina.base=/root/apache-tomcat-7.0.79
Aug 13, 2017 4:43:34 AM org.apache.catalina.startup.VersionLoggerListener log
INFO: Command line argument: -Dcatalina.home=/root/apache-tomcat-7.0.79
Aug 13, 2017 4:43:34 AM org.apache.catalina.startup.VersionLoggerListener log
INFO: Command line argument: -Djava.io.tmpdir=/root/apache-tomcat-7.0.79/temp
Aug 13, 2017 4:43:34 AM org.apache.catalina.core.AprLifecycleListener lifecycleEvent
INFO: The APR based Apache Tomcat Native library which allows optimal performance in production environments was not found on the java.library.path: /usr/java/packages/lib/amd64:/usr/lib64:/lib64:/lib:/usr/lib
Aug 13, 2017 4:43:34 AM org.apache.coyote.AbstractProtocol init
INFO: Initializing ProtocolHandler ["http-bio-9090"]
Aug 13, 2017 4:43:34 AM org.apache.coyote.AbstractProtocol init
INFO: Initializing ProtocolHandler ["ajp-bio-8009"]
Aug 13, 2017 4:43:34 AM org.apache.catalina.startup.Catalina load
INFO: Initialization processed in 1068 ms
Aug 13, 2017 4:43:34 AM org.apache.catalina.core.StandardService startInternal
INFO: Starting service Catalina
Aug 13, 2017 4:43:34 AM org.apache.catalina.core.StandardEngine startInternal
INFO: Starting Servlet Engine: Apache Tomcat/7.0.79
Aug 13, 2017 4:43:34 AM org.apache.catalina.startup.HostConfig deployWAR
INFO: Deploying web application archive /root/apache-tomcat-7.0.79/webapps/jenkins.war
Aug 13, 2017 4:43:35 AM org.apache.catalina.deploy.WebXml setVersion
WARNING: Unknown version string [3.1]. Default version will be used.
Aug 13, 2017 4:43:40 AM org.apache.catalina.startup.ContextConfig validateSecurityRoles
WARNING: Security role name ** used in an <auth-constraint> without being defined in a <security-role>
Aug 13, 2017 4:43:41 AM org.apache.catalina.startup.TldConfig execute
INFO: At least one JAR was scanned for TLDs yet contained no TLDs. Enable debug logging for this logger for a complete list of JARs that were scanned but no TLDs were found in them. Skipping unneeded JARs during scanning can improve startup time and JSP compilation time.
Aug 13, 2017 4:43:41 AM org.apache.catalina.core.StandardContext startInternal
SEVERE: One or more listeners failed to start. Full details will be found in the appropriate container log file
Aug 13, 2017 4:43:41 AM org.apache.catalina.core.StandardContext startInternal
SEVERE: Context [/jenkins] startup failed due to previous errors
Aug 13, 2017 4:43:41 AM org.apache.catalina.startup.HostConfig deployWAR
INFO: Deployment of web application archive /root/apache-tomcat-7.0.79/webapps/jenkins.war has finished in 6,652 ms
Aug 13, 2017 4:43:41 AM org.apache.catalina.startup.HostConfig deployDirectory
INFO: Deploying web application directory /root/apache-tomcat-7.0.79/webapps/manager
Aug 13, 2017 4:43:41 AM org.apache.catalina.startup.HostConfig deployDirectory
INFO: Deployment of web application directory /root/apache-tomcat-7.0.79/webapps/manager has finished in 232 ms
Aug 13, 2017 4:43:41 AM org.apache.catalina.startup.HostConfig deployDirectory
INFO: Deploying web application directory /root/apache-tomcat-7.0.79/webapps/examples
Aug 13, 2017 4:43:42 AM org.apache.catalina.startup.HostConfig deployDirectory
INFO: Deployment of web application directory /root/apache-tomcat-7.0.79/webapps/examples has finished in 482 ms
Aug 13, 2017 4:43:42 AM org.apache.catalina.startup.HostConfig deployDirectory
INFO: Deploying web application directory /root/apache-tomcat-7.0.79/webapps/ROOT
Aug 13, 2017 4:43:42 AM org.apache.catalina.startup.HostConfig deployDirectory
INFO: Deployment of web application directory /root/apache-tomcat-7.0.79/webapps/ROOT has finished in 90 ms
Aug 13, 2017 4:43:42 AM org.apache.catalina.startup.HostConfig deployDirectory
INFO: Deploying web application directory /root/apache-tomcat-7.0.79/webapps/docs
Aug 13, 2017 4:43:42 AM org.apache.catalina.startup.HostConfig deployDirectory
INFO: Deployment of web application directory /root/apache-tomcat-7.0.79/webapps/docs has finished in 82 ms
Aug 13, 2017 4:43:42 AM org.apache.catalina.startup.HostConfig deployDirectory
INFO: Deploying web application directory /root/apache-tomcat-7.0.79/webapps/host-manager
Aug 13, 2017 4:43:42 AM org.apache.catalina.startup.HostConfig deployDirectory
INFO: Deployment of web application directory /root/apache-tomcat-7.0.79/webapps/host-manager has finished in 100 ms
Aug 13, 2017 4:43:42 AM org.apache.coyote.AbstractProtocol start
INFO: Starting ProtocolHandler ["http-bio-9090"]
Aug 13, 2017 4:43:42 AM org.apache.coyote.AbstractProtocol start
INFO: Starting ProtocolHandler ["ajp-bio-8009"]
Aug 13, 2017 4:43:42 AM org.apache.catalina.startup.Catalina start
INFO: Server startup in 7872 ms
Aug 13, 2017 4:45:01 AM org.apache.catalina.startup.ContextConfig validateSecurityRoles
WARNING: Security role name ** used in an <auth-constraint> without being defined in a <security-role>
Aug 13, 2017 4:45:01 AM org.apache.catalina.startup.TldConfig execute
INFO: At least one JAR was scanned for TLDs yet contained no TLDs. Enable debug logging for this logger for a complete list of JARs that were scanned but no TLDs were found in them. Skipping unneeded JARs during scanning can improve startup time and JSP compilation time.
Aug 13, 2017 4:45:01 AM org.apache.catalina.core.StandardContext startInternal
SEVERE: One or more listeners failed to start. Full details will be found in the appropriate container log file
Aug 13, 2017 4:45:01 AM org.apache.catalina.core.StandardContext startInternal
SEVERE: Context [/jenkins] startup failed due to previous errors
Aug 13, 2017 4:51:35 AM org.apache.catalina.startup.ContextConfig validateSecurityRoles
WARNING: Security role name ** used in an <auth-constraint> without being defined in a <security-role>
Aug 13, 2017 4:51:35 AM org.apache.catalina.startup.TldConfig execute
INFO: At least one JAR was scanned for TLDs yet contained no TLDs. Enable debug logging for this logger for a complete list of JARs that were scanned but no TLDs were found in them. Skipping unneeded JARs during scanning can improve startup time and JSP compilation time.
Aug 13, 2017 4:51:35 AM org.apache.catalina.core.StandardContext startInternal
SEVERE: One or more listeners failed to start. Full details will be found in the appropriate container log file
Aug 13, 2017 4:51:35 AM org.apache.catalina.core.StandardContext startInternal
SEVERE: Context [/jenkins] startup failed due to previous errors
/root/apache-tomcat-7.0.79/bin/catalina.sh: line 415: /usr/lib/jvm/jre/bin/java: No such file or directory
Aug 13, 2017 5:29:05 AM org.apache.catalina.startup.HostConfig deployWAR
INFO: Deploying web application archive /root/apache-tomcat-7.0.79/webapps/root#apache-tomcat-7.0.79#webapps.war
Aug 13, 2017 5:29:06 AM org.apache.catalina.startup.HostConfig deployWAR
INFO: Deployment of web application archive /root/apache-tomcat-7.0.79/webapps/root#apache-tomcat-7.0.79#webapps.war has finished in 127 ms
