Aug 13, 2017 4:21:00 AM org.apache.catalina.core.ApplicationContext log
INFO: HTMLManager: init: Associated with Deployer 'Catalina:type=Deployer,host=localhost'
Aug 13, 2017 4:21:00 AM org.apache.catalina.core.ApplicationContext log
INFO: HTMLManager: init: Global resources are available
Aug 13, 2017 4:21:00 AM org.apache.catalina.core.ApplicationContext log
INFO: HTMLManager: list: Listing contexts for virtual host 'localhost'
Aug 13, 2017 4:37:41 AM org.apache.catalina.core.ApplicationContext log
INFO: HTMLManager: init: Associated with Deployer 'Catalina:type=Deployer,host=localhost'
Aug 13, 2017 4:37:41 AM org.apache.catalina.core.ApplicationContext log
INFO: HTMLManager: init: Global resources are available
Aug 13, 2017 4:37:41 AM org.apache.catalina.core.ApplicationContext log
INFO: HTMLManager: list: Listing contexts for virtual host 'localhost'
Aug 13, 2017 4:44:47 AM org.apache.catalina.core.ApplicationContext log
INFO: HTMLManager: init: Associated with Deployer 'Catalina:type=Deployer,host=localhost'
Aug 13, 2017 4:44:47 AM org.apache.catalina.core.ApplicationContext log
INFO: HTMLManager: init: Global resources are available
Aug 13, 2017 4:44:47 AM org.apache.catalina.core.ApplicationContext log
INFO: HTMLManager: list: Listing contexts for virtual host 'localhost'
Aug 13, 2017 4:44:58 AM org.apache.catalina.core.ApplicationContext log
INFO: HTMLManager: start: Starting web application '/jenkins'
Aug 13, 2017 4:45:01 AM org.apache.catalina.core.ApplicationContext log
INFO: HTMLManager: list: Listing contexts for virtual host 'localhost'
Aug 13, 2017 4:51:33 AM org.apache.catalina.core.ApplicationContext log
INFO: HTMLManager: start: Starting web application '/jenkins'
Aug 13, 2017 4:51:35 AM org.apache.catalina.core.ApplicationContext log
INFO: HTMLManager: list: Listing contexts for virtual host 'localhost'
Aug 13, 2017 5:22:39 AM org.apache.catalina.core.ApplicationContext log
INFO: HTMLManager: list: Listing contexts for virtual host 'localhost'
Aug 13, 2017 5:29:05 AM org.apache.catalina.core.ApplicationContext log
INFO: Manager: init: Associated with Deployer 'Catalina:type=Deployer,host=localhost'
Aug 13, 2017 5:29:05 AM org.apache.catalina.core.ApplicationContext log
INFO: Manager: init: Global resources are available
Aug 13, 2017 5:29:05 AM org.apache.catalina.core.ApplicationContext log
INFO: Manager: list: Listing contexts for virtual host 'localhost'
Aug 13, 2017 5:29:05 AM org.apache.catalina.core.ApplicationContext log
INFO: Manager: deploy: Deploying web application '/root/apache-tomcat-7.0.79/webapps'
Aug 13, 2017 5:29:05 AM org.apache.catalina.core.ApplicationContext log
INFO: Manager: Uploading WAR file to /root/apache-tomcat-7.0.79/webapps/root#apache-tomcat-7.0.79#webapps.war
Aug 13, 2017 5:29:48 AM org.apache.catalina.core.ApplicationContext log
INFO: HTMLManager: list: Listing contexts for virtual host 'localhost'
